<?xml version="1.0" encoding="UTF-8"?>
<testng-results skipped="0" failed="0" total="1" passed="1">
  <reporter-output>
  </reporter-output>
  <suite name="Default suite" duration-ms="24894" started-at="2018-01-30T10:04:03Z" finished-at="2018-01-30T10:04:28Z">
    <groups>
    </groups>
    <test name="Default test" duration-ms="24894" started-at="2018-01-30T10:04:03Z" finished-at="2018-01-30T10:04:28Z">
      <class name="com.haibao.AutoDemo.LanuchOnBaidu">
        <test-method status="PASS" signature="startChrome()[pri:0, instance:com.haibao.AutoDemo.LanuchOnBaidu@153f5a29]" name="startChrome" is-config="true" duration-ms="16447" started-at="2018-01-30T18:04:03Z" finished-at="2018-01-30T18:04:20Z">
          <reporter-output>
          </reporter-output>
        </test-method> <!-- startChrome -->
        <test-method status="PASS" signature="loginOnBaidu()[pri:0, instance:com.haibao.AutoDemo.LanuchOnBaidu@153f5a29]" name="loginOnBaidu" duration-ms="7034" started-at="2018-01-30T18:04:20Z" finished-at="2018-01-30T18:04:27Z">
          <reporter-output>
          </reporter-output>
        </test-method> <!-- loginOnBaidu -->
        <test-method status="PASS" signature="release()[pri:0, instance:com.haibao.AutoDemo.LanuchOnBaidu@153f5a29]" name="release" is-config="true" duration-ms="1392" started-at="2018-01-30T18:04:27Z" finished-at="2018-01-30T18:04:28Z">
          <reporter-output>
          </reporter-output>
        </test-method> <!-- release -->
      </class> <!-- com.haibao.AutoDemo.LanuchOnBaidu -->
    </test> <!-- Default test -->
  </suite> <!-- Default suite -->
</testng-results>
